Determining if the pthread_create exist failed with the following output:
Change Dir: /tmp/tmp.VJ6IohNGxK/cmake-build-release/CMakeFiles/CMakeTmp

Run Build Command:"/usr/bin/make" "cmTC_16c89/fast"
/usr/bin/make -f CMakeFiles/cmTC_16c89.dir/build.make CMakeFiles/cmTC_16c89.dir/build
make[1]: Entering directory '/tmp/tmp.VJ6IohNGxK/cmake-build-release/CMakeFiles/CMakeTmp'
Building CXX object CMakeFiles/cmTC_16c89.dir/CheckSymbolExists.cxx.o
/usr/bin/c++     -o CMakeFiles/cmTC_16c89.dir/CheckSymbolExists.cxx.o -c /tmp/tmp.VJ6IohNGxK/cmake-build-release/CMakeFiles/CMakeTmp/CheckSymbolExists.cxx
Linking CXX executable cmTC_16c89
/usr/bin/cmake -E cmake_link_script CMakeFiles/cmTC_16c89.dir/link.txt --verbose=1
/usr/bin/c++       -rdynamic CMakeFiles/cmTC_16c89.dir/CheckSymbolExists.cxx.o  -o cmTC_16c89 
CMakeFiles/cmTC_16c89.dir/CheckSymbolExists.cxx.o: In function `main':
CheckSymbolExists.cxx:(.text+0x1b): undefined reference to `pthread_create'
collect2: error: ld returned 1 exit status
CMakeFiles/cmTC_16c89.dir/build.make:97: recipe for target 'cmTC_16c89' failed
make[1]: *** [cmTC_16c89] Error 1
make[1]: Leaving directory '/tmp/tmp.VJ6IohNGxK/cmake-build-release/CMakeFiles/CMakeTmp'
Makefile:126: recipe for target 'cmTC_16c89/fast' failed
make: *** [cmTC_16c89/fast] Error 2

File /tmp/tmp.VJ6IohNGxK/cmake-build-release/CMakeFiles/CMakeTmp/CheckSymbolExists.cxx:
/* */
#include <pthread.h>

int main(int argc, char** argv)
{
  (void)argv;
#ifndef pthread_create
  return ((int*)(&pthread_create))[argc];
#else
  (void)argc;
  return 0;
#endif
}

Determining if the function pthread_create exists in the pthreads failed with the following output:
Change Dir: /tmp/tmp.VJ6IohNGxK/cmake-build-release/CMakeFiles/CMakeTmp

Run Build Command:"/usr/bin/make" "cmTC_c84ce/fast"
/usr/bin/make -f CMakeFiles/cmTC_c84ce.dir/build.make CMakeFiles/cmTC_c84ce.dir/build
make[1]: Entering directory '/tmp/tmp.VJ6IohNGxK/cmake-build-release/CMakeFiles/CMakeTmp'
Building CXX object CMakeFiles/cmTC_c84ce.dir/CheckFunctionExists.cxx.o
/usr/bin/c++    -DCHECK_FUNCTION_EXISTS=pthread_create   -o CMakeFiles/cmTC_c84ce.dir/CheckFunctionExists.cxx.o -c /tmp/tmp.VJ6IohNGxK/cmake-build-release/CMakeFiles/CheckLibraryExists/CheckFunctionExists.cxx
Linking CXX executable cmTC_c84ce
/usr/bin/cmake -E cmake_link_script CMakeFiles/cmTC_c84ce.dir/link.txt --verbose=1
/usr/bin/c++   -DCHECK_FUNCTION_EXISTS=pthread_create    -rdynamic CMakeFiles/cmTC_c84ce.dir/CheckFunctionExists.cxx.o  -o cmTC_c84ce -lpthreads 
/usr/bin/ld: cannot find -lpthreads
collect2: error: ld returned 1 exit status
CMakeFiles/cmTC_c84ce.dir/build.make:97: recipe for target 'cmTC_c84ce' failed
make[1]: *** [cmTC_c84ce] Error 1
make[1]: Leaving directory '/tmp/tmp.VJ6IohNGxK/cmake-build-release/CMakeFiles/CMakeTmp'
Makefile:126: recipe for target 'cmTC_c84ce/fast' failed
make: *** [cmTC_c84ce/fast] Error 2


